INFO:root:Added new contact: Pavan Pichuka
INFO:root:Updated contact: Pavan Pichuka
2024-09-17 19:42:22,835 - Added new contact: Pavan Pichuka | Phone: (343) 777-3834, Email: ppavansree@gmail.com, Address:  | Created At: 2024-09-17 19:42:22
2024-09-17 19:43:07,358 - Added new contact: Sree Pichuka | Phone: (852) 382-2002, Email: , Address:  | Created At: 2024-09-17 19:43:07
2024-09-17 19:43:52,300 - Added new contact: Divya Sahithi Hamandu | Phone: (738) 233-5034, Email: ppich075@uottawa.ca, Address:  | Created At: 2024-09-17 19:43:52
2024-09-17 19:44:17,317 - Added new contact: Divya Sahithi Pichuka | Phone: (949) 211-5034, Email: , Address:  | Created At: 2024-09-17 19:44:17
2024-09-17 19:44:54,807 - Added new contact: Divya Pavan | Phone: (984) 911-5034, Email: ppavansree@gmail.com, Address:  | Created At: 2024-09-17 19:44:54
2024-09-17 19:47:17,272 - Updated contact: Name: Divya Pavan
Phone: (984) 911-5034
Email: ppavansree@gmail.com
Address: N/A
Created At: 2024-09-17 19:44:54
Updated At: 2024-09-17 19:44:54
 | Updated At: 2024-09-17 19:47:17
2024-09-17 19:47:31,885 - Deleted contact: Pavan Pichuka | Phone: (343) 777-3834, Email: ppavansree@gmail.com, Address: 
2024-09-17 19:47:31,886 - Deleted contact: Divya Pavan | Phone: (343) 777-3834, Email: ppavansree@gmail.com, Address: 
2024-09-17 19:53:09,369 - Added new contact: Pavan Sree Pichuka Pic | Phone: (343) 777-3834, Email: , Address:  | Created At: 2024-09-17 19:53:09
2024-09-17 19:56:51,212 - Added new contact: Pavan Pichuka | Phone: (343) 777-3834, Email: ppavansree@gmail.com, Address:  | Created At: 2024-09-17 19:56:51
2024-09-17 23:19:26,939 - Added new contact: Pavan Sree | Phone: (343) 777-3834, Email: , Address:  | Created At: 2024-09-17 23:19:26
2024-09-17 23:33:25,022 - Added new contact: pavan Sree | Phone: (343) 777-3834, Email: , Address:  | Created At: 2024-09-17 23:33:25
2024-09-17 23:41:45,873 - Added new contact: Pavan Sree | Phone: (343) 777-3834, Email: , Address:  | Created At: 2024-09-17 23:41:45
2024-09-17 23:47:27,348 - Added new contact: Pavan Sree | Phone: (343) 777-3834, Email: , Address:  | Created At: 2024-09-17 23:47:27
2024-09-17 23:47:47,847 - Updated contact: Name: Pavan Sree, Phone: (343) 777-3834, Email: , Address: , Created At: 2024-09-17 23:47:27.348856 | Updated At: 2024-09-17 23:47:47
2024-09-18 10:29:40,445 - Added new contact: Pavan Sree | Phone: (343) 777-3834, Email: ppavansree@gmail.com, Address: 73 Harvey Street, Ottawa, Ontario, K1S 0A8 | Created At: 2024-09-18 10:29:40
2024-09-18 10:35:52,463 - Added new contact: pAvaN Sree | Phone: (343) 777-3834, Email: ppavansree@gmail.com, Address: 73 Harvey Street, Ottawa, Ontario, K1S 0A8 | Created At: 2024-09-18 10:35:52
2024-09-18 10:36:31,506 - Added new contact: Pichuka Sree | Phone: (343) 777-3835, Email: , Address:  | Created At: 2024-09-18 10:36:31
2024-09-18 10:37:28,554 - Deleted contact: Pichuka Sree | Phone: (343) 777-3835, Email: , Address: 
2024-09-18 10:53:51,502 - Added new contact: Pavan Pichuka | Phone: (343) 777-3834, Email: , Address:  | Created At: 2024-09-18 10:53:51
2024-09-18 10:53:58,776 - Exported contacts to C:/Users/ppava/Desktop/contacts.csv
2024-09-18 10:56:51,925 - Added new contact: Pavan Sree | Phone: (343) 777-3834, Email: , Address:  | Created At: 2024-09-18 10:56:51
2024-09-18 15:04:46,112 - Added new contact: Pavan Sree | Phone: (343) 777-3834, Email: , Address:  | Created At: 2024-09-18 15:04:46
2024-09-18 15:05:44,398 - Added new contact: Pichuka Sree | Phone: (343) 777-3835, Email: ppavansree@gmail.com, Address: 73 Harvey Street, Ottawa, Ontario, K1S 0A8 | Created At: 2024-09-18 15:05:44
2024-09-18 15:31:00,810 - Updated contact: Name: Pavan Sree, Phone: (343) 777-3834, Email: , Address: , Created At: 2024-09-18 15:04:46.112640 | Updated At: 2024-09-18 15:31:00
2024-09-18 15:31:46,091 - Added new contact: Pavan Sree | Phone: (343) 777-3834, Email: , Address:  | Created At: 2024-09-18 15:31:46
2024-09-18 15:31:46,091 - Imported contacts from C:/Users/ppava/Desktop/contacts.csv
2024-09-18 15:49:00,289 - Added new contact: Pavan Sree | Phone: (343) 777-3834, (343) 777-3835, Email: ppavansree@gmail.com, Address:  | Created At: 2024-09-18 15:49:00
2024-09-18 15:49:35,839 - Added new contact: Pavan Pichuka | Phone: (852) 382-2002, Email: divyasahithihamandu@gmail.com, Address:  | Created At: 2024-09-18 15:49:35
2024-09-18 15:49:59,981 - Added new contact: Pichuka Sahithi Pavan | Phone: (738) 233-5034, Email: , Address:  | Created At: 2024-09-18 15:49:59
2024-09-18 15:50:20,650 - Deleted contact: Pavan Sree | Phone: (343) 777-3834, (343) 777-3835, Email: ppavansree@gmail.com, Address: 
2024-09-18 15:50:20,650 - Deleted contact: Pavan Pichuka | Phone: (852) 382-2002, Email: divyasahithihamandu@gmail.com, Address: 
2024-09-18 15:50:20,650 - Deleted contact: Pichuka Sahithi Pavan | Phone: (738) 233-5034, Email: , Address: 
2024-09-18 15:55:41,406 - Added new contact: Pavan Sree | Phone: (343) 777-3834, Email: , Address:  | Created At: 2024-09-18 15:55:41
2024-09-18 15:56:11,245 - Added new contact: Divya Sahithi Hamandu Pavan | Phone: (852) 382-2002, Email: , Address:  | Created At: 2024-09-18 15:56:11
2024-09-18 15:56:24,537 - Added new contact: Pichuka Pavan Sree | Phone: (343) 777-3835, Email: , Address:  | Created At: 2024-09-18 15:56:24
2024-09-18 15:56:46,290 - Merged contacts: Pavan Sree and Pavan Sree
2024-09-18 16:00:08,979 - Added new contact: Pavan Pichuka | Phone: (343) 777-3834, Email: , Address:  | Created At: 2024-09-18 16:00:08
2024-09-18 16:00:23,345 - Added new contact: Divya Sahithi Hamandu | Phone: (852) 382-2002, Email: , Address:  | Created At: 2024-09-18 16:00:23
2024-09-18 16:00:40,596 - Added new contact: Pavan Sree Pichuka | Phone: (738) 233-5034, Email: , Address:  | Created At: 2024-09-18 16:00:40
2024-09-18 16:01:06,545 - Merged contacts: Pavan Pichuka and Pavan Pichuka
2024-09-18 16:20:56,007 - Added new contact: Pavan Sree Pichuka | Phone: (343) 777-3834, Email: , Address:  | Created At: 2024-09-18 16:20:56
2024-09-18 16:21:09,678 - Added new contact: Pavan Pichuka | Phone: (343) 777-3835, Email: , Address:  | Created At: 2024-09-18 16:21:09
2024-09-18 16:21:31,135 - Added new contact: DIvya Sahithi Hamandu | Phone: (852) 382-2002, Email: , Address:  | Created At: 2024-09-18 16:21:31
2024-09-18 16:21:50,667 - Merged contacts: Pavan Sree Pichuka and Pavan Sree Pichuka
2024-09-18 16:28:29,343 - Added new contact: Pavan Sree | Phone: (343) 777-3834, Email: , Address:  | Created At: 2024-09-18 16:28:29
2024-09-18 16:28:52,633 - Updated contact: Name: Pavan Sree, Phone: (343) 777-3834, Email: N/A, Address: N/A, Created At: 2024-09-18 16:28:29.343738 | Updated At: 2024-09-18 16:28:52
2024-09-18 16:29:51,933 - Added new contact: Pavan Sree Sahithi | Phone: (852) 382-2002, Email: , Address:  | Created At: 2024-09-18 16:29:51
2024-09-18 16:30:10,644 - Merged contacts: Pavan Sree and Pavan Sree
2024-09-18 16:35:11,707 - Added new contact: Pavan Sree | Phone: (343) 777-3834, Email: , Address:  | Created At: 2024-09-18 16:35:11
2024-09-18 16:35:26,432 - Added new contact: Pavan Sree Pichuka | Phone: (343) 777-3835, Email: , Address:  | Created At: 2024-09-18 16:35:26
2024-09-18 16:37:26,214 - Added new contact: Pavan Sree | Phone: (343) 777-3834, Email: , Address:  | Created At: 2024-09-18 16:37:26
2024-09-18 16:37:40,424 - Added new contact: Pavan Sree Pichuka | Phone: (343) 777-3835, Email: , Address:  | Created At: 2024-09-18 16:37:40
2024-09-18 16:43:15,348 - Added new contact: Pavan Sree | Phone: (343) 777-3834, Email: , Address:  | Created At: 2024-09-18 16:43:15
2024-09-18 16:43:31,473 - Added new contact: Pavan Sree Pichuka Sahithi | Phone: (343) 777-3835, Email: , Address:  | Created At: 2024-09-18 16:43:31
2024-09-18 16:44:05,103 - Added new contact: Pavan Sree | Phone: (343) 777-3834, Email: , Address:  | Created At: 2024-09-18 16:44:05
2024-09-18 16:44:20,168 - Added new contact: Pavan Sree Pichuka | Phone: (343) 777-3835, Email: , Address:  | Created At: 2024-09-18 16:44:20
2024-09-18 16:45:20,532 - Added new contact: Pavan Sree | Phone: (343) 777-3834, Email: , Address:  | Created At: 2024-09-18 16:45:20
2024-09-18 16:45:33,637 - Added new contact: Pavan Sree Pichuka | Phone: (343) 777-3835, Email: , Address:  | Created At: 2024-09-18 16:45:33
2024-09-18 16:45:47,244 - Merged contacts: Pavan Sree and Pavan Sree Pichuka
2024-09-18 16:46:29,507 - Added new contact: Divya Sahithi Hamandu | Phone: (852) 382-2002, Email: ppavansree@gmail.com, Address: 73 Harvey Street, Ottawa, Ontario, K1S 0A8 | Created At: 2024-09-18 16:46:29
2024-09-18 16:46:47,943 - Merged contacts: Pavan Sree and Divya Sahithi Hamandu
2024-09-18 16:47:41,055 - Added new contact: DIvya Pavan | Phone: (738) 233-5034, Email: pavansreepichuka@gmail.com, Address: 2-34-4/7, Block-D, sector-7, Visakhapatnam | Created At: 2024-09-18 16:47:41
2024-09-18 16:48:01,840 - Merged contacts: Pavan Sree and DIvya Pavan
2024-09-18 16:57:18,959 - Added new contact: Pavan Sree Pichuka | Phone: (343) 777-3834, Email: ppavansree@gmail.com, Address: 73 Harvey Street, Ottawa, Ontario, K1S 0A8 | Created At: 2024-09-18 16:57:18
2024-09-18 16:57:37,783 - Added new contact: Divya Sahithi Hamandu | Phone: (852) 382-2002, Email: , Address:  | Created At: 2024-09-18 16:57:37
2024-09-18 16:57:52,066 - Merged contacts: Pavan Sree Pichuka and Divya Sahithi Hamandu
2024-09-18 16:58:37,510 - Added new contact: Pavan Pichuka | Phone: (738) 233-5034, Email: pavansreepichuka@gmail.com, Address: 2-34-4/7, Block-D, Sector-7, MVP Colony, Visakhapatnam | Created At: 2024-09-18 16:58:37
2024-09-18 16:58:53,441 - Merged contacts: Pavan Sree Pichuka and Pavan Pichuka
2024-09-18 17:28:34,245 - Added new contact: Pavan Sree | Phone: (343) 777-3834, (738) 233-5034, Email: ppavansree@gmail.com, Address:  | Created At: 2024-09-18 17:28:34
2024-09-18 18:31:10,057 - Added new contact: Alice Smith | Phone: (555) 123-4567, Email: alice.smith@example.com, Address: 456 Elm St | Created At: 2024-09-18 18:31:10
2024-09-18 18:31:10,057 - Added new contact: Bob Johnson | Phone: (555) 234-5678, Email: None, Address: None | Created At: 2024-09-18 18:31:10
2024-09-18 18:31:10,057 - Deleted contact: Bob Johnson | Phone: (555) 234-5678, Email: None, Address: None
2024-09-18 18:31:10,057 - Added new contact: Charlie Brown | Phone: (555) 345-6789, Email: None, Address: None | Created At: 2024-09-18 18:31:10
2024-09-18 18:31:10,073 - Added new contact: Charlie Brown | Phone: (555) 345-6789, Email: , Address:  | Created At: 2024-09-18 18:31:10
2024-09-18 18:31:10,073 - Imported contacts from contacts.csv
2024-09-19 09:02:55,675 - Added new contact: Pavan Sree | Phone: (343) 777-3834, Email: , Address:  | Created At: 2024-09-19 09:02:55
2024-09-19 09:03:12,351 - Added new contact: Pichuka Sree | Phone: (738) 233-5034, Email: , Address:  | Created At: 2024-09-19 09:03:12
2024-09-19 09:09:26,451 - Added new contact: Pavan Sree | Phone: (343) 777-3834, Email: ppavansree@gmail.com, Address:  | Created At: 2024-09-19 09:09:26
2024-09-19 09:09:46,800 - Added new contact: Pichuka Sree | Phone: (738) 233-5034, (343) 777-3835, Email: , Address:  | Created At: 2024-09-19 09:09:46
2024-09-19 09:16:26,584 - Added new contact: Pavan Sree | Phone: (343) 777-3834, Email: , Address:  | Created At: 2024-09-19 09:16:26
2024-09-19 09:16:38,239 - Added new contact: Pichuka Sree | Phone: (738) 233-5034, Email: , Address:  | Created At: 2024-09-19 09:16:38
2024-09-19 10:19:42,076 - Added new contact: Pavan Sree Pichuka | Phone: (343) 777-3834, Email: , Address:  | Created At: 2024-09-19 10:19:42
2024-09-19 10:21:46,441 - Added new contact: Pavan Sree | Phone: (343) 777-3834, Email: , Address:  | Created At: 2024-09-19 10:21:46
2024-09-19 10:33:51,930 - Added new contact: Pavan Sree | Phone: (343) 777-3834, Email: , Address:  | Created At: 2024-09-19 10:33:51
2024-09-19 10:50:50,345 - Added new contact: Pavan Sree | Phone: (343) 777-3834, Email: , Address:  | Created At: 2024-09-19 10:50:50
